<?xml version="1.0" encoding="UTF-8"?>
<!-- Generated by org.testng.reporters.JUnitReportReporter -->
<testsuite hostname="LAPTOP-A5L18TR1" failures="0" tests="2" name="com.norka2022.test.Home" time="0.002" errors="0" timestamp="13 Jan 2023 06:06:46 GMT">
  <testcase classname="com.norka2022.test.Home" name="F" time="0.001"/>
  <testcase classname="com.norka2022.test.Home" name="SecTest" time="0.001"/>
</testsuite> <!-- com.norka2022.test.Home -->
